Using pre-set license
Desktop is 4480 x 1440 @ 60 Hz

 COMMAND LINE ARGUMENTS:
Unity
-adb2
-batchMode
-noUpm
-name
AssetImportWorker0
-projectPath
/home/leonardo/Documents/Unity Projects/Computacao_Grafica
-logFile
Logs/AssetImportWorker0.log
-srvPort
42179
Successfully changed project path to: /home/leonardo/Documents/Unity Projects/Computacao_Grafica
/home/leonardo/Documents/Unity Projects/Computacao_Grafica
Using Asset Import Pipeline V2.
Refreshing native plugins compatible for Editor in 39,18 ms, found 0 plugins.
Preloading 0 native plugins for Editor in 0,00 ms.
Initialize engine version: 2020.3.0f1 (c7b5465681fb)
[Subsystems] Discovering subsystems at path /home/leonardo/Documents/2020.3.0f1/Editor/Data/Resources/UnitySubsystems
[Subsystems] Discovering subsystems at path /home/leonardo/Documents/Unity Projects/Computacao_Grafica/Assets
GLX Extensions: GLX_ARB_create_context GLX_ARB_create_context_no_error GLX_ARB_create_context_profile GLX_ARB_create_context_robustness GLX_ARB_fbconfig_float GLX_ARB_framebuffer_sRGB GLX_ARB_get_proc_address GLX_ARB_multisample GLX_EXT_buffer_age GLX_EXT_create_context_es2_profile GLX_EXT_create_context_es_profile GLX_EXT_fbconfig_packed_float GLX_EXT_framebuffer_sRGB GLX_EXT_import_context GLX_EXT_texture_from_pixmap GLX_EXT_visual_info GLX_EXT_visual_rating GLX_INTEL_swap_event GLX_MESA_copy_sub_buffer GLX_MESA_query_renderer GLX_MESA_swap_control GLX_OML_swap_method GLX_OML_sync_control GLX_SGIS_multisample GLX_SGIX_fbconfig GLX_SGIX_pbuffer GLX_SGIX_visual_select_group GLX_SGI_make_current_read GLX_SGI_swap_control GLX_SGI_video_sync 
Renderer: Mesa Intel(R) UHD Graphics 630 (CFL GT2)
Vendor:   Intel
Version:  4.6 (Core Profile) Mesa 20.2.6
GLES:     0
 GL_3DFX_texture_compression_FXT1 GL_AMD_conservative_depth GL_AMD_depth_clamp_separate GL_AMD_draw_buffers_blend GL_AMD_gpu_shader_int64 GL_AMD_multi_draw_indirect GL_AMD_performance_monitor GL_AMD_pinned_memory GL_AMD_query_buffer_object GL_AMD_seamless_cubemap_per_texture GL_AMD_shader_stencil_export GL_AMD_shader_trinary_minmax GL_AMD_texture_texture4 GL_AMD_vertex_shader_layer GL_AMD_vertex_shader_viewport_index GL_ANGLE_texture_compression_dxt3 GL_ANGLE_texture_compression_dxt5 GL_ARB_ES2_compatibility GL_ARB_ES3_1_compatibility GL_ARB_ES3_2_compatibility GL_ARB_ES3_compatibility GL_ARB_arrays_of_arrays GL_ARB_base_instance GL_ARB_blend_func_extended GL_ARB_buffer_storage GL_ARB_clear_buffer_object GL_ARB_clear_texture GL_ARB_clip_control GL_ARB_compressed_texture_pixel_storage GL_ARB_compute_shader GL_ARB_compute_variable_group_size GL_ARB_conditional_render_inverted GL_ARB_conservative_depth GL_ARB_copy_buffer GL_ARB_copy_image GL_ARB_cull_distance GL_ARB_debug_output GL_ARB_depth_buffer_float GL_ARB
_depth_clamp GL_ARB_derivative_control GL_ARB_direct_state_access GL_ARB_draw_buffers GL_ARB_draw_buffers_blend GL_ARB_draw_elements_base_vertex GL_ARB_draw_indirect GL_ARB_draw_instanced GL_ARB_enhanced_layouts GL_ARB_explicit_attrib_location GL_ARB_explicit_uniform_location GL_ARB_fragment_coord_conventions GL_ARB_fragment_layer_viewport GL_ARB_fragment_shader GL_ARB_fragment_shader_interlock GL_ARB_framebuffer_no_attachments GL_ARB_framebuffer_object GL_ARB_framebuffer_sRGB GL_ARB_get_program_binary GL_ARB_get_texture_sub_image GL_ARB_gl_spirv GL_ARB_gpu_shader5 GL_ARB_gpu_shader_fp64 GL_ARB_gpu_shader_int64 GL_ARB_half_float_pixel GL_ARB_half_float_vertex GL_ARB_indirect_parameters GL_ARB_instanced_arrays GL_ARB_internalformat_query GL_ARB_internalformat_query2 GL_ARB_invalidate_subdata GL_ARB_map_buffer_alignment GL_ARB_map_buffer_range GL_ARB_multi_bind GL_ARB_multi_draw_indirect GL_ARB_occlusion_query2 GL_ARB_parallel_shader_compile GL_ARB_pipeline_statistics_query GL_ARB_pixel_buffer_object GL_ARB_po
int_sprite GL_ARB_polygon_offset_clamp GL_ARB_post_depth_coverage GL_ARB_program_interface_query GL_ARB_provoking_vertex GL_ARB_query_buffer_object GL_ARB_robust_buffer_access_behavior GL_ARB_robustness GL_ARB_sample_shading GL_ARB_sampler_objects GL_ARB_seamless_cube_map GL_ARB_seamless_cubemap_per_texture GL_ARB_separate_shader_objects GL_ARB_shader_atomic_counter_ops GL_ARB_shader_atomic_counters GL_ARB_shader_ballot GL_ARB_shader_bit_encoding GL_ARB_shader_clock GL_ARB_shader_draw_parameters GL_ARB_shader_group_vote GL_ARB_shader_image_load_store GL_ARB_shader_image_size GL_ARB_shader_objects GL_ARB_shader_precision GL_ARB_shader_stencil_export GL_ARB_shader_storage_buffer_object GL_ARB_shader_subroutine GL_ARB_shader_texture_image_samples GL_ARB_shader_texture_lod GL_ARB_shader_viewport_layer_array GL_ARB_shading_language_420pack GL_ARB_shading_language_include GL_ARB_shading_language_packing GL_ARB_spirv_extensions GL_ARB_stencil_texturing GL_ARB_sync GL_ARB_tessellation_shader GL_ARB_texture_barrier G
L_ARB_texture_buffer_object GL_ARB_texture_buffer_object_rgb32 GL_ARB_texture_buffer_range GL_ARB_texture_compression_bptc GL_ARB_texture_compression_rgtc GL_ARB_texture_cube_map_array GL_ARB_texture_filter_anisotropic GL_ARB_texture_float GL_ARB_texture_gather GL_ARB_texture_mirror_clamp_to_edge GL_ARB_texture_multisample GL_ARB_texture_non_power_of_two GL_ARB_texture_query_levels GL_ARB_texture_query_lod GL_ARB_texture_rectangle GL_ARB_texture_rg GL_ARB_texture_rgb10_a2ui GL_ARB_texture_stencil8 GL_ARB_texture_storage GL_ARB_texture_storage_multisample GL_ARB_texture_swizzle GL_ARB_texture_view GL_ARB_timer_query GL_ARB_transform_feedback2 GL_ARB_transform_feedback3 GL_ARB_transform_feedback_instanced GL_ARB_transform_feedback_overflow_query GL_ARB_uniform_buffer_object GL_ARB_vertex_array_bgra GL_ARB_vertex_array_object GL_ARB_vertex_attrib_64bit GL_ARB_vertex_attrib_binding GL_ARB_vertex_buffer_object GL_ARB_vertex_shader GL_ARB_vertex_type_10f_11f_11f_rev GL_ARB_vertex_type_2_10_10_10_rev GL_ARB_viewpor
t_array GL_ATI_blend_equation_separate GL_ATI_texture_float GL_EXT_EGL_image_storage GL_EXT_EGL_sync GL_EXT_abgr GL_EXT_blend_equation_separate GL_EXT_demote_to_helper_invocation GL_EXT_draw_buffers2 GL_EXT_draw_instanced GL_EXT_framebuffer_blit GL_EXT_framebuffer_multisample GL_EXT_framebuffer_multisample_blit_scaled GL_EXT_framebuffer_object GL_EXT_framebuffer_sRGB GL_EXT_packed_depth_stencil GL_EXT_packed_float GL_EXT_pixel_buffer_object GL_EXT_polygon_offset_clamp GL_EXT_provoking_vertex GL_EXT_shader_framebuffer_fetch GL_EXT_shader_framebuffer_fetch_non_coherent GL_EXT_shader_integer_mix GL_EXT_shader_samples_identical GL_EXT_texture_array GL_EXT_texture_compression_dxt1 GL_EXT_texture_compression_rgtc GL_EXT_texture_compression_s3tc GL_EXT_texture_filter_anisotropic GL_EXT_texture_integer GL_EXT_texture_sRGB GL_EXT_texture_sRGB_R8 GL_EXT_texture_sRGB_decode GL_EXT_texture_shadow_lod GL_EXT_texture_shared_exponent GL_EXT_texture_snorm GL_EXT_texture_swizzle GL_EXT_timer_query GL_EXT_transform_feedback G
L_EXT_vertex_array_bgra GL_EXT_vertex_attrib_64bit GL_IBM_multimode_draw_arrays GL_INTEL_blackhole_render GL_INTEL_conservative_rasterization GL_INTEL_performance_query GL_INTEL_shader_atomic_float_minmax GL_INTEL_shader_integer_functions2 GL_KHR_blend_equation_advanced GL_KHR_blend_equation_advanced_coherent GL_KHR_context_flush_control GL_KHR_debug GL_KHR_no_error GL_KHR_parallel_shader_compile GL_KHR_robust_buffer_access_behavior GL_KHR_robustness GL_KHR_texture_compression_astc_ldr GL_KHR_texture_compression_astc_sliced_3d GL_MESA_framebuffer_flip_y GL_MESA_pack_invert GL_MESA_shader_integer_functions GL_MESA_texture_signed_rgba GL_NV_compute_shader_derivatives GL_NV_conditional_render GL_NV_copy_image GL_NV_depth_clamp GL_NV_fragment_shader_interlock GL_NV_packed_depth_stencil GL_NV_texture_barrier GL_OES_EGL_image GL_S3_s3tc
OPENGL LOG: Creating OpenGL 4.6 graphics device ; Context level  <OpenGL 4.5> ; Context handle 2101523104
Initialize mono
Mono path[0] = '/home/leonardo/Documents/2020.3.0f1/Editor/Data/Managed'
Mono path[1] = '/home/leonardo/Documents/2020.3.0f1/Editor/Data/MonoBleedingEdge/lib/mono/unityjit'
Mono config path = '/home/leonardo/Documents/2020.3.0f1/Editor/Data/MonoBleedingEdge/etc'
Using monoOptions --debugger-agent=transport=dt_socket,embedding=1,server=y,suspend=n,address=127.0.0.1:56322
Begin MonoManager ReloadAssembly
Registering precompiled unity dll's ...
Register platform support module: /home/leonardo/Documents/2020.3.0f1/Editor/Data/PlaybackEngines/WebGLSupport/UnityEditor.WebGL.Extensions.dll
Register platform support module: /home/leonardo/Documents/2020.3.0f1/Editor/Data/PlaybackEngines/MacStandaloneSupport/UnityEditor.OSXStandalone.Extensions.dll
Register platform support module: /home/leonardo/Documents/2020.3.0f1/Editor/Data/PlaybackEngines/WindowsStandaloneSupport/UnityEditor.WindowsStandalone.Extensions.dll
Register platform support module: /home/leonardo/Documents/2020.3.0f1/Editor/Data/PlaybackEngines/LinuxStandaloneSupport/UnityEditor.LinuxStandalone.Extensions.dll
Registered in 0,001311 seconds.
Native extension for LinuxStandalone target not found
Native extension for WindowsStandalone target not found
Native extension for OSXStandalone target not found
Native extension for WebGL target not found
Refreshing native plugins compatible for Editor in 37,27 ms, found 0 plugins.
Preloading 0 native plugins for Editor in 0,00 ms.
Invoked RoslynAnalysisRunner static constructor.
RoslynAnalysisRunner will not be running.
RoslynAnalysisRunner has terminated.
Mono: successfully reloaded assembly
- Completed reload, in  1,451 seconds
Platform modules already initialized, skipping
Registering precompiled user dll's ...
Registered in 0,001501 seconds.
Begin MonoManager ReloadAssembly
Native extension for LinuxStandalone target not found
Native extension for WindowsStandalone target not found
Native extension for OSXStandalone target not found
Native extension for WebGL target not found
Refreshing native plugins compatible for Editor in 0,31 ms, found 0 plugins.
Preloading 0 native plugins for Editor in 0,00 ms.
Invoked RoslynAnalysisRunner static constructor.
RoslynAnalysisRunner will not be running.
RoslynAnalysisRunner has terminated.
Mono: successfully reloaded assembly
- Completed reload, in  0,794 seconds
Platform modules already initialized, skipping
========================================================================
Worker process is ready to serve import requests
Launched and connected shader compiler UnityShaderCompiler after 0.02 seconds
Refreshing native plugins compatible for Editor in 0,32 ms, found 0 plugins.
Preloading 0 native plugins for Editor in 0,00 ms.
Unloading 1251 Unused Serialized files (Serialized files now loaded: 0)
System memory in use before: 74,8 MB.
System memory in use after: 74,5 MB.

Unloading 11 unused Assets to reduce memory usage. Loaded Objects now: 1720.
Total: 3,515799 ms (FindLiveObjects: 0,343017 ms CreateObjectMapping: 0,073137 ms MarkObjects: 2,610007 ms  DeleteObjects: 0,487578 ms)

========================================================================
Received Import Request.
  path: Assets/Hessburg - Stealth Bomber/Stealth_Bomber.fbx
  artifactKey: Guid(6d4cfbc0686ed48c3bfca40a3f0a790d) Importer(815301076,1909f56bfc062723c751e8b465ee728b)
Start importing Assets/Hessburg - Stealth Bomber/Stealth_Bomber.fbx using Guid(6d4cfbc0686ed48c3bfca40a3f0a790d) Importer(815301076,1909f56bfc062723c751e8b465ee728b)  -> (artifact id: '40f0b83c2cc0e4307d2a8518471d7784') in 0,147830 seconds
  Import took 0,151782 seconds .

========================================================================
Received Prepare
Refreshing native plugins compatible for Editor in 0,85 ms, found 0 plugins.
Preloading 0 native plugins for Editor in 0,00 ms.
Unloading 4 Unused Serialized files (Serialized files now loaded: 0)
System memory in use before: 50,5 MB.
System memory in use after: 50,2 MB.

Unloading 4 unused Assets to reduce memory usage. Loaded Objects now: 1730.
Total: 2,616938 ms (FindLiveObjects: 0,139831 ms CreateObjectMapping: 0,032362 ms MarkObjects: 2,106847 ms  DeleteObjects: 0,336024 ms)

========================================================================
Received Prepare
Registering precompiled user dll's ...
Registered in 0,000324 seconds.
Begin MonoManager ReloadAssembly
Native extension for LinuxStandalone target not found
Native extension for WindowsStandalone target not found
Native extension for OSXStandalone target not found
Native extension for WebGL target not found
Refreshing native plugins compatible for Editor in 0,29 ms, found 0 plugins.
Preloading 0 native plugins for Editor in 0,00 ms.
Invoked RoslynAnalysisRunner static constructor.
RoslynAnalysisRunner will not be running.
RoslynAnalysisRunner has terminated.
Mono: successfully reloaded assembly
- Completed reload, in  0,546 seconds
Platform modules already initialized, skipping
Refreshing native plugins compatible for Editor in 0,28 ms, found 0 plugins.
Preloading 0 native plugins for Editor in 0,00 ms.
Unloading 1226 Unused Serialized files (Serialized files now loaded: 0)
System memory in use before: 74,8 MB.
System memory in use after: 74,5 MB.

Unloading 6 unused Assets to reduce memory usage. Loaded Objects now: 1733.
Total: 8,163343 ms (FindLiveObjects: 0,118319 ms CreateObjectMapping: 0,026940 ms MarkObjects: 7,676223 ms  DeleteObjects: 0,341007 ms)

========================================================================
Received Import Request.
  Time since last request: 350,569230 seconds.
  path: Assets/main.cs
  artifactKey: Guid(d06f08391aa8835c2a86264b095fdca0) Importer(815301076,1909f56bfc062723c751e8b465ee728b)
Start importing Assets/main.cs using Guid(d06f08391aa8835c2a86264b095fdca0) Importer(815301076,1909f56bfc062723c751e8b465ee728b)  -> (artifact id: 'f8e3738cee86842ce32d5c4751d972f9') in 0,004977 seconds
  Import took 0,009510 seconds .

========================================================================
Received Prepare
Registering precompiled user dll's ...
Registered in 0,000356 seconds.
Begin MonoManager ReloadAssembly
Native extension for LinuxStandalone target not found
Native extension for WindowsStandalone target not found
Native extension for OSXStandalone target not found
Native extension for WebGL target not found
Refreshing native plugins compatible for Editor in 0,53 ms, found 0 plugins.
Preloading 0 native plugins for Editor in 0,00 ms.
Invoked RoslynAnalysisRunner static constructor.
RoslynAnalysisRunner will not be running.
RoslynAnalysisRunner has terminated.
Mono: successfully reloaded assembly
- Completed reload, in  0,570 seconds
Platform modules already initialized, skipping
Refreshing native plugins compatible for Editor in 0,67 ms, found 0 plugins.
Preloading 0 native plugins for Editor in 0,00 ms.
Unloading 1227 Unused Serialized files (Serialized files now loaded: 0)
System memory in use before: 74,9 MB.
System memory in use after: 74,6 MB.

Unloading 6 unused Assets to reduce memory usage. Loaded Objects now: 1737.
Total: 2,136535 ms (FindLiveObjects: 0,124010 ms CreateObjectMapping: 0,025213 ms MarkObjects: 1,576606 ms  DeleteObjects: 0,409635 ms)

========================================================================
Received Import Request.
  Time since last request: 1150,899286 seconds.
  path: Assets/Standard Assets/2D/Animator/2dCharacterAnimator.controller
  artifactKey: Guid(5fc43f0c4b413534ba12c51c0e5e5f6f) Importer(815301076,1909f56bfc062723c751e8b465ee728b)
Start importing Assets/Standard Assets/2D/Animator/2dCharacterAnimator.controller using Guid(5fc43f0c4b413534ba12c51c0e5e5f6f) Importer(815301076,1909f56bfc062723c751e8b465ee728b)  -> (artifact id: '93f744364bc4123fa78eaec114c91348') in 0,010802 seconds
  Import took 0,013035 seconds .

========================================================================
Received Prepare
Registering precompiled user dll's ...
Registered in 0,000421 seconds.
Begin MonoManager ReloadAssembly
Native extension for LinuxStandalone target not found
Native extension for WindowsStandalone target not found
Native extension for OSXStandalone target not found
Native extension for WebGL target not found
Refreshing native plugins compatible for Editor in 0,31 ms, found 0 plugins.
Preloading 0 native plugins for Editor in 0,00 ms.
Invoked RoslynAnalysisRunner static constructor.
RoslynAnalysisRunner will not be running.
RoslynAnalysisRunner has terminated.
Mono: successfully reloaded assembly
- Completed reload, in  0,559 seconds
Platform modules already initialized, skipping
Refreshing native plugins compatible for Editor in 0,35 ms, found 0 plugins.
Preloading 0 native plugins for Editor in 0,00 ms.
Unloading 1227 Unused Serialized files (Serialized files now loaded: 0)
System memory in use before: 75,0 MB.
System memory in use after: 74,7 MB.

Unloading 6 unused Assets to reduce memory usage. Loaded Objects now: 1740.
Total: 2,066762 ms (FindLiveObjects: 0,136816 ms CreateObjectMapping: 0,029874 ms MarkObjects: 1,512596 ms  DeleteObjects: 0,386252 ms)

========================================================================
Received Prepare
Registering precompiled user dll's ...
Registered in 0,001706 seconds.
Begin MonoManager ReloadAssembly
Native extension for LinuxStandalone target not found
Native extension for WindowsStandalone target not found
Native extension for OSXStandalone target not found
Native extension for WebGL target not found
Refreshing native plugins compatible for Editor in 1,98 ms, found 0 plugins.
Preloading 0 native plugins for Editor in 0,00 ms.
Invoked RoslynAnalysisRunner static constructor.
RoslynAnalysisRunner will not be running.
RoslynAnalysisRunner has terminated.
Mono: successfully reloaded assembly
- Completed reload, in  1,044 seconds
Platform modules already initialized, skipping
Refreshing native plugins compatible for Editor in 1,03 ms, found 0 plugins.
Preloading 0 native plugins for Editor in 0,00 ms.
Unloading 1227 Unused Serialized files (Serialized files now loaded: 0)
System memory in use before: 75,0 MB.
System memory in use after: 74,7 MB.

Unloading 6 unused Assets to reduce memory usage. Loaded Objects now: 1743.
Total: 6,072233 ms (FindLiveObjects: 0,675559 ms CreateObjectMapping: 0,131774 ms MarkObjects: 4,642219 ms  DeleteObjects: 0,619266 ms)

========================================================================
Received Prepare
Registering precompiled user dll's ...
Registered in 0,001119 seconds.
Begin MonoManager ReloadAssembly
Native extension for LinuxStandalone target not found
Native extension for WindowsStandalone target not found
Native extension for OSXStandalone target not found
Native extension for WebGL target not found
Refreshing native plugins compatible for Editor in 0,45 ms, found 0 plugins.
Preloading 0 native plugins for Editor in 0,00 ms.
Invoked RoslynAnalysisRunner static constructor.
RoslynAnalysisRunner will not be running.
RoslynAnalysisRunner has terminated.
Mono: successfully reloaded assembly
- Completed reload, in  0,851 seconds
Platform modules already initialized, skipping
Refreshing native plugins compatible for Editor in 0,29 ms, found 0 plugins.
Preloading 0 native plugins for Editor in 0,00 ms.
Unloading 1227 Unused Serialized files (Serialized files now loaded: 0)
System memory in use before: 75,0 MB.
System memory in use after: 74,6 MB.

Unloading 6 unused Assets to reduce memory usage. Loaded Objects now: 1746.
Total: 3,993993 ms (FindLiveObjects: 0,239963 ms CreateObjectMapping: 0,072832 ms MarkObjects: 3,093271 ms  DeleteObjects: 0,585257 ms)

========================================================================
Received Prepare
Registering precompiled user dll's ...
Registered in 0,000430 seconds.
Begin MonoManager ReloadAssembly
Native extension for LinuxStandalone target not found
Native extension for WindowsStandalone target not found
Native extension for OSXStandalone target not found
Native extension for WebGL target not found
Refreshing native plugins compatible for Editor in 0,28 ms, found 0 plugins.
Preloading 0 native plugins for Editor in 0,00 ms.
Invoked RoslynAnalysisRunner static constructor.
RoslynAnalysisRunner will not be running.
RoslynAnalysisRunner has terminated.
Mono: successfully reloaded assembly
- Completed reload, in  0,567 seconds
Platform modules already initialized, skipping
Refreshing native plugins compatible for Editor in 0,28 ms, found 0 plugins.
Preloading 0 native plugins for Editor in 0,00 ms.
Unloading 1227 Unused Serialized files (Serialized files now loaded: 0)
System memory in use before: 75,0 MB.
System memory in use after: 74,7 MB.

Unloading 6 unused Assets to reduce memory usage. Loaded Objects now: 1749.
Total: 2,036972 ms (FindLiveObjects: 0,117166 ms CreateObjectMapping: 0,025971 ms MarkObjects: 1,500031 ms  DeleteObjects: 0,392986 ms)

========================================================================
Received Prepare
Registering precompiled user dll's ...
Registered in 0,000731 seconds.
Begin MonoManager ReloadAssembly
Native extension for LinuxStandalone target not found
Native extension for WindowsStandalone target not found
Native extension for OSXStandalone target not found
Native extension for WebGL target not found
Refreshing native plugins compatible for Editor in 0,28 ms, found 0 plugins.
Preloading 0 native plugins for Editor in 0,00 ms.
Invoked RoslynAnalysisRunner static constructor.
RoslynAnalysisRunner will not be running.
RoslynAnalysisRunner has terminated.
Mono: successfully reloaded assembly
- Completed reload, in  0,559 seconds
Platform modules already initialized, skipping
Refreshing native plugins compatible for Editor in 0,43 ms, found 0 plugins.
Preloading 0 native plugins for Editor in 0,00 ms.
Unloading 1227 Unused Serialized files (Serialized files now loaded: 0)
System memory in use before: 75,0 MB.
System memory in use after: 74,7 MB.

Unloading 6 unused Assets to reduce memory usage. Loaded Objects now: 1752.
Total: 5,962535 ms (FindLiveObjects: 0,335339 ms CreateObjectMapping: 0,104782 ms MarkObjects: 4,484331 ms  DeleteObjects: 1,033797 ms)

========================================================================
Received Prepare
Registering precompiled user dll's ...
Registered in 0,000805 seconds.
Begin MonoManager ReloadAssembly
Native extension for LinuxStandalone target not found
Native extension for WindowsStandalone target not found
Native extension for OSXStandalone target not found
Native extension for WebGL target not found
Refreshing native plugins compatible for Editor in 0,54 ms, found 0 plugins.
Preloading 0 native plugins for Editor in 0,00 ms.
Invoked RoslynAnalysisRunner static constructor.
RoslynAnalysisRunner will not be running.
RoslynAnalysisRunner has terminated.
Mono: successfully reloaded assembly
- Completed reload, in  0,636 seconds
Platform modules already initialized, skipping
Refreshing native plugins compatible for Editor in 0,28 ms, found 0 plugins.
Preloading 0 native plugins for Editor in 0,00 ms.
Unloading 1226 Unused Serialized files (Serialized files now loaded: 0)
System memory in use before: 74,9 MB.
System memory in use after: 74,6 MB.

Unloading 7 unused Assets to reduce memory usage. Loaded Objects now: 1754.
Total: 5,979534 ms (FindLiveObjects: 0,323328 ms CreateObjectMapping: 0,098061 ms MarkObjects: 4,620309 ms  DeleteObjects: 0,935309 ms)

========================================================================
Received Import Request.
  Time since last request: 570,539309 seconds.
  path: Assets/_TerrainAutoUpgrade/layer_Grass01_BigUV7a0916c77bff91d3.terrainlayer
  artifactKey: Guid(b7f8ee366a1600f44b2c929e15bf80f5) Importer(815301076,1909f56bfc062723c751e8b465ee728b)
Start importing Assets/_TerrainAutoUpgrade/layer_Grass01_BigUV7a0916c77bff91d3.terrainlayer using Guid(b7f8ee366a1600f44b2c929e15bf80f5) Importer(815301076,1909f56bfc062723c751e8b465ee728b)  -> (artifact id: '83133fa3ea769632cfbb15a55edc85a8') in 0,040627 seconds
  Import took 0,042544 seconds .

========================================================================
Received Prepare
Registering precompiled user dll's ...
Registered in 0,000521 seconds.
Begin MonoManager ReloadAssembly
Native extension for LinuxStandalone target not found
Native extension for WindowsStandalone target not found
Native extension for OSXStandalone target not found
Native extension for WebGL target not found
Refreshing native plugins compatible for Editor in 0,32 ms, found 0 plugins.
Preloading 0 native plugins for Editor in 0,00 ms.
Invoked RoslynAnalysisRunner static constructor.
RoslynAnalysisRunner will not be running.
RoslynAnalysisRunner has terminated.
Mono: successfully reloaded assembly
- Completed reload, in  0,619 seconds
Platform modules already initialized, skipping
Refreshing native plugins compatible for Editor in 0,28 ms, found 0 plugins.
Preloading 0 native plugins for Editor in 0,00 ms.
Unloading 1226 Unused Serialized files (Serialized files now loaded: 0)
System memory in use before: 75,0 MB.
System memory in use after: 74,7 MB.

Unloading 6 unused Assets to reduce memory usage. Loaded Objects now: 1760.
Total: 2,054232 ms (FindLiveObjects: 0,112888 ms CreateObjectMapping: 0,025711 ms MarkObjects: 1,492666 ms  DeleteObjects: 0,421997 ms)

========================================================================
Received Prepare
Registering precompiled user dll's ...
Registered in 0,001480 seconds.
Begin MonoManager ReloadAssembly
Native extension for LinuxStandalone target not found
Native extension for WindowsStandalone target not found
Native extension for OSXStandalone target not found
Native extension for WebGL target not found
Refreshing native plugins compatible for Editor in 1,46 ms, found 0 plugins.
Preloading 0 native plugins for Editor in 0,00 ms.
Invoked RoslynAnalysisRunner static constructor.
RoslynAnalysisRunner will not be running.
RoslynAnalysisRunner has terminated.
Mono: successfully reloaded assembly
- Completed reload, in  1,230 seconds
Platform modules already initialized, skipping
Refreshing native plugins compatible for Editor in 0,30 ms, found 0 plugins.
Preloading 0 native plugins for Editor in 0,00 ms.
Unloading 1226 Unused Serialized files (Serialized files now loaded: 0)
System memory in use before: 75,0 MB.
System memory in use after: 74,7 MB.

Unloading 6 unused Assets to reduce memory usage. Loaded Objects now: 1763.
Total: 4,573058 ms (FindLiveObjects: 0,437840 ms CreateObjectMapping: 0,068260 ms MarkObjects: 2,102770 ms  DeleteObjects: 1,955673 ms)

========================================================================
Received Import Request.
  Time since last request: 626,466004 seconds.
  path: Assets/Hessburg - Stealth Bomber/Prefabs/Jet Animator Controller.controller
  artifactKey: Guid(44a99b8980c12a2949f6374f150e2bdb) Importer(815301076,1909f56bfc062723c751e8b465ee728b)
Start importing Assets/Hessburg - Stealth Bomber/Prefabs/Jet Animator Controller.controller using Guid(44a99b8980c12a2949f6374f150e2bdb) Importer(815301076,1909f56bfc062723c751e8b465ee728b)  -> (artifact id: 'ee05c84fbcdf6c2b9b2d5e5914af1aa2') in 0,014553 seconds
  Import took 0,019433 seconds .

========================================================================
Received Prepare
Registering precompiled user dll's ...
Registered in 0,001734 seconds.
Begin MonoManager ReloadAssembly
Native extension for LinuxStandalone target not found
Native extension for WindowsStandalone target not found
Native extension for OSXStandalone target not found
Native extension for WebGL target not found
Refreshing native plugins compatible for Editor in 1,00 ms, found 0 plugins.
Preloading 0 native plugins for Editor in 0,00 ms.
Invoked RoslynAnalysisRunner static constructor.
RoslynAnalysisRunner will not be running.
RoslynAnalysisRunner has terminated.
Mono: successfully reloaded assembly
- Completed reload, in  0,997 seconds
Platform modules already initialized, skipping
Refreshing native plugins compatible for Editor in 0,29 ms, found 0 plugins.
Preloading 0 native plugins for Editor in 0,00 ms.
Unloading 1226 Unused Serialized files (Serialized files now loaded: 0)
System memory in use before: 75,0 MB.
System memory in use after: 74,7 MB.

Unloading 6 unused Assets to reduce memory usage. Loaded Objects now: 1766.
Total: 2,708314 ms (FindLiveObjects: 0,259311 ms CreateObjectMapping: 0,053355 ms MarkObjects: 1,944639 ms  DeleteObjects: 0,449764 ms)

========================================================================
Received Prepare
Registering precompiled user dll's ...
Registered in 0,001791 seconds.
Begin MonoManager ReloadAssembly
Native extension for LinuxStandalone target not found
Native extension for WindowsStandalone target not found
Native extension for OSXStandalone target not found
Native extension for WebGL target not found
Refreshing native plugins compatible for Editor in 0,46 ms, found 0 plugins.
Preloading 0 native plugins for Editor in 0,00 ms.
Invoked RoslynAnalysisRunner static constructor.
RoslynAnalysisRunner will not be running.
RoslynAnalysisRunner has terminated.
Mono: successfully reloaded assembly
- Completed reload, in  0,786 seconds
Platform modules already initialized, skipping
Refreshing native plugins compatible for Editor in 0,30 ms, found 0 plugins.
Preloading 0 native plugins for Editor in 0,00 ms.
Unloading 1226 Unused Serialized files (Serialized files now loaded: 0)
System memory in use before: 75,0 MB.
System memory in use after: 74,7 MB.

Unloading 6 unused Assets to reduce memory usage. Loaded Objects now: 1769.
Total: 3,273614 ms (FindLiveObjects: 0,168010 ms CreateObjectMapping: 0,037063 ms MarkObjects: 2,345827 ms  DeleteObjects: 0,720511 ms)

========================================================================
Received Prepare
Registering precompiled user dll's ...
Registered in 0,002188 seconds.
Begin MonoManager ReloadAssembly
Native extension for LinuxStandalone target not found
Native extension for WindowsStandalone target not found
Native extension for OSXStandalone target not found
Native extension for WebGL target not found
Refreshing native plugins compatible for Editor in 0,38 ms, found 0 plugins.
Preloading 0 native plugins for Editor in 0,00 ms.
Invoked RoslynAnalysisRunner static constructor.
RoslynAnalysisRunner will not be running.
RoslynAnalysisRunner has terminated.
Mono: successfully reloaded assembly
- Completed reload, in  1,208 seconds
Platform modules already initialized, skipping
Refreshing native plugins compatible for Editor in 1,51 ms, found 0 plugins.
Preloading 0 native plugins for Editor in 0,00 ms.
Unloading 1226 Unused Serialized files (Serialized files now loaded: 0)
System memory in use before: 75,0 MB.
System memory in use after: 74,7 MB.

Unloading 6 unused Assets to reduce memory usage. Loaded Objects now: 1772.
Total: 4,979357 ms (FindLiveObjects: 0,748573 ms CreateObjectMapping: 0,198604 ms MarkObjects: 3,198335 ms  DeleteObjects: 0,829286 ms)

========================================================================
Received Prepare
Registering precompiled user dll's ...
Registered in 0,001390 seconds.
Begin MonoManager ReloadAssembly
Native extension for LinuxStandalone target not found
Native extension for WindowsStandalone target not found
Native extension for OSXStandalone target not found
Native extension for WebGL target not found
Refreshing native plugins compatible for Editor in 0,59 ms, found 0 plugins.
Preloading 0 native plugins for Editor in 0,00 ms.
Invoked RoslynAnalysisRunner static constructor.
RoslynAnalysisRunner will not be running.
RoslynAnalysisRunner has terminated.
Mono: successfully reloaded assembly
- Completed reload, in  0,887 seconds
Platform modules already initialized, skipping
Refreshing native plugins compatible for Editor in 1,53 ms, found 0 plugins.
Preloading 0 native plugins for Editor in 0,00 ms.
Unloading 1226 Unused Serialized files (Serialized files now loaded: 0)
System memory in use before: 75,0 MB.
System memory in use after: 74,7 MB.

Unloading 6 unused Assets to reduce memory usage. Loaded Objects now: 1775.
Total: 2,582625 ms (FindLiveObjects: 0,243580 ms CreateObjectMapping: 0,048474 ms MarkObjects: 1,776196 ms  DeleteObjects: 0,512578 ms)

========================================================================
Received Import Request.
  Time since last request: 1451,584134 seconds.
  path: Assets/Fantasy Skybox FREE/Materials/Classic
  artifactKey: Guid(69ee00d9176dabc4687615071b161c20) Importer(815301076,1909f56bfc062723c751e8b465ee728b)
Start importing Assets/Fantasy Skybox FREE/Materials/Classic using Guid(69ee00d9176dabc4687615071b161c20) Importer(815301076,1909f56bfc062723c751e8b465ee728b)  -> (artifact id: '51e4dc9b7024494b429ecc6f17cd664a') in 0,006132 seconds
  Import took 0,010966 seconds .

========================================================================
Received Import Request.
  Time since last request: 0,010814 seconds.
  path: Assets/Fantasy Skybox FREE/Materials/Classic
  artifactKey: Guid(69ee00d9176dabc4687615071b161c20) Importer(815301076,1909f56bfc062723c751e8b465ee728b)
Start importing Assets/Fantasy Skybox FREE/Materials/Classic using Guid(69ee00d9176dabc4687615071b161c20) Importer(815301076,1909f56bfc062723c751e8b465ee728b)  -> (artifact id: '51e4dc9b7024494b429ecc6f17cd664a') in 0,000469 seconds
  Import took 0,002520 seconds .

========================================================================
Received Import Request.
  Time since last request: 1791,156977 seconds.
  path: Assets/A_piece_of_nature/Models/Pine_tree.prefab
  artifactKey: Guid(ea27c7a1f95e4d57c8072e4aeea1427c) Importer(815301076,1909f56bfc062723c751e8b465ee728b)
Start importing Assets/A_piece_of_nature/Models/Pine_tree.prefab using Guid(ea27c7a1f95e4d57c8072e4aeea1427c) Importer(815301076,1909f56bfc062723c751e8b465ee728b)  -> (artifact id: '6b17c070f3db1343e015c9040b2b4135') in 0,097199 seconds
  Import took 0,102585 seconds .

========================================================================
Received Import Request.
  Time since last request: 34,367305 seconds.
  path: Assets/A_piece_of_nature/Models/Pine_tree.prefab
  artifactKey: Guid(ea27c7a1f95e4d57c8072e4aeea1427c) Importer(815301076,1909f56bfc062723c751e8b465ee728b)
Start importing Assets/A_piece_of_nature/Models/Pine_tree.prefab using Guid(ea27c7a1f95e4d57c8072e4aeea1427c) Importer(815301076,1909f56bfc062723c751e8b465ee728b)  -> (artifact id: '302174442e1dbb974e0ffb04ecac9883') in 0,046343 seconds
  Import took 0,052231 seconds .

========================================================================
Received Prepare
Registering precompiled user dll's ...
Registered in 0,000481 seconds.
Begin MonoManager ReloadAssembly
Native extension for LinuxStandalone target not found
Native extension for WindowsStandalone target not found
Native extension for OSXStandalone target not found
Native extension for WebGL target not found
Refreshing native plugins compatible for Editor in 0,97 ms, found 0 plugins.
Preloading 0 native plugins for Editor in 0,00 ms.
Invoked RoslynAnalysisRunner static constructor.
RoslynAnalysisRunner will not be running.
RoslynAnalysisRunner has terminated.
Mono: successfully reloaded assembly
- Completed reload, in  0,633 seconds
Platform modules already initialized, skipping
Refreshing native plugins compatible for Editor in 0,34 ms, found 0 plugins.
Preloading 0 native plugins for Editor in 0,00 ms.
Unloading 1226 Unused Serialized files (Serialized files now loaded: 0)
System memory in use before: 75,0 MB.
System memory in use after: 74,7 MB.

Unloading 6 unused Assets to reduce memory usage. Loaded Objects now: 1779.
Total: 2,499632 ms (FindLiveObjects: 0,167368 ms CreateObjectMapping: 0,045499 ms MarkObjects: 1,840901 ms  DeleteObjects: 0,444178 ms)

========================================================================
Received Import Request.
  Time since last request: 7717,145252 seconds.
  path: Assets/A_piece_of_nature/Models/Pine_tree_double.prefab
  artifactKey: Guid(ea092014effd352cd9eb6741e0c9a054) Importer(815301076,1909f56bfc062723c751e8b465ee728b)
Start importing Assets/A_piece_of_nature/Models/Pine_tree_double.prefab using Guid(ea092014effd352cd9eb6741e0c9a054) Importer(815301076,1909f56bfc062723c751e8b465ee728b)  -> (artifact id: '63e0a34064da3217328b03a8451ee377') in 0,104953 seconds
  Import took 0,107640 seconds .

========================================================================
Received Import Request.
  Time since last request: 0,011177 seconds.
  path: Assets/A_piece_of_nature/Models/Pine_tree_double.prefab
  artifactKey: Guid(ea092014effd352cd9eb6741e0c9a054) Importer(815301076,1909f56bfc062723c751e8b465ee728b)
Start importing Assets/A_piece_of_nature/Models/Pine_tree_double.prefab using Guid(ea092014effd352cd9eb6741e0c9a054) Importer(815301076,1909f56bfc062723c751e8b465ee728b)  -> (artifact id: '63e0a34064da3217328b03a8451ee377') in 0,018847 seconds
  Import took 0,020950 seconds .

========================================================================
Received Import Request.
  Time since last request: 88,977765 seconds.
  path: Assets/A_piece_of_nature/Models/Rock_3.prefab
  artifactKey: Guid(4b0a48c81572d1c2dad503b9b0c24976) Importer(815301076,1909f56bfc062723c751e8b465ee728b)
Start importing Assets/A_piece_of_nature/Models/Rock_3.prefab using Guid(4b0a48c81572d1c2dad503b9b0c24976) Importer(815301076,1909f56bfc062723c751e8b465ee728b)  -> (artifact id: 'dcb145576ed038ba76112d8ca2f75b1c') in 0,052203 seconds
  Import took 0,054072 seconds .

========================================================================
Received Import Request.
  Time since last request: 150,234982 seconds.
  path: Assets/A_piece_of_nature/Models/Rock_4.prefab
  artifactKey: Guid(7e903cf50d70f1a8194eecefbca80c43) Importer(815301076,1909f56bfc062723c751e8b465ee728b)
Start importing Assets/A_piece_of_nature/Models/Rock_4.prefab using Guid(7e903cf50d70f1a8194eecefbca80c43) Importer(815301076,1909f56bfc062723c751e8b465ee728b)  -> (artifact id: '12da5d0cce7c34afac456188d43d3654') in 0,027238 seconds
  Import took 0,030059 seconds .

========================================================================
Received Prepare
Registering precompiled user dll's ...
Registered in 0,000436 seconds.
Begin MonoManager ReloadAssembly
Native extension for LinuxStandalone target not found
Native extension for WindowsStandalone target not found
Native extension for OSXStandalone target not found
Native extension for WebGL target not found
Refreshing native plugins compatible for Editor in 0,58 ms, found 0 plugins.
Preloading 0 native plugins for Editor in 0,00 ms.
Invoked RoslynAnalysisRunner static constructor.
RoslynAnalysisRunner will not be running.
RoslynAnalysisRunner has terminated.
Mono: successfully reloaded assembly
- Completed reload, in  0,854 seconds
Platform modules already initialized, skipping
Refreshing native plugins compatible for Editor in 0,30 ms, found 0 plugins.
Preloading 0 native plugins for Editor in 0,00 ms.
Unloading 1226 Unused Serialized files (Serialized files now loaded: 0)
System memory in use before: 75,0 MB.
System memory in use after: 74,7 MB.

Unloading 6 unused Assets to reduce memory usage. Loaded Objects now: 1783.
Total: 3,269863 ms (FindLiveObjects: 0,226656 ms CreateObjectMapping: 0,203883 ms MarkObjects: 2,332825 ms  DeleteObjects: 0,502957 ms)

========================================================================
Received Prepare
Registering precompiled user dll's ...
Registered in 0,000632 seconds.
Begin MonoManager ReloadAssembly
Native extension for LinuxStandalone target not found
Native extension for WindowsStandalone target not found
Native extension for OSXStandalone target not found
Native extension for WebGL target not found
Refreshing native plugins compatible for Editor in 0,29 ms, found 0 plugins.
Preloading 0 native plugins for Editor in 0,00 ms.
Invoked RoslynAnalysisRunner static constructor.
RoslynAnalysisRunner will not be running.
RoslynAnalysisRunner has terminated.
Mono: successfully reloaded assembly
- Completed reload, in  0,620 seconds
Platform modules already initialized, skipping
Refreshing native plugins compatible for Editor in 0,33 ms, found 0 plugins.
Preloading 0 native plugins for Editor in 0,00 ms.
Unloading 1226 Unused Serialized files (Serialized files now loaded: 0)
System memory in use before: 75,0 MB.
System memory in use after: 74,7 MB.

Unloading 6 unused Assets to reduce memory usage. Loaded Objects now: 1786.
Total: 4,172185 ms (FindLiveObjects: 0,149269 ms CreateObjectMapping: 0,030240 ms MarkObjects: 3,388784 ms  DeleteObjects: 0,601604 ms)

========================================================================
Received Prepare
Registering precompiled user dll's ...
Registered in 0,000968 seconds.
Begin MonoManager ReloadAssembly
Native extension for LinuxStandalone target not found
Native extension for WindowsStandalone target not found
Native extension for OSXStandalone target not found
Native extension for WebGL target not found
Refreshing native plugins compatible for Editor in 0,41 ms, found 0 plugins.
Preloading 0 native plugins for Editor in 0,00 ms.
Invoked RoslynAnalysisRunner static constructor.
RoslynAnalysisRunner will not be running.
RoslynAnalysisRunner has terminated.
Mono: successfully reloaded assembly
- Completed reload, in  0,858 seconds
Platform modules already initialized, skipping
Refreshing native plugins compatible for Editor in 0,33 ms, found 0 plugins.
Preloading 0 native plugins for Editor in 0,00 ms.
Unloading 1226 Unused Serialized files (Serialized files now loaded: 0)
System memory in use before: 75,0 MB.
System memory in use after: 74,7 MB.

Unloading 6 unused Assets to reduce memory usage. Loaded Objects now: 1789.
Total: 6,241394 ms (FindLiveObjects: 0,606654 ms CreateObjectMapping: 0,162295 ms MarkObjects: 4,626028 ms  DeleteObjects: 0,838870 ms)

========================================================================
Received Prepare
Registering precompiled user dll's ...
Registered in 0,000452 seconds.
Begin MonoManager ReloadAssembly
Native extension for LinuxStandalone target not found
Native extension for WindowsStandalone target not found
Native extension for OSXStandalone target not found
Native extension for WebGL target not found
Refreshing native plugins compatible for Editor in 0,29 ms, found 0 plugins.
Preloading 0 native plugins for Editor in 0,00 ms.
Invoked RoslynAnalysisRunner static constructor.
RoslynAnalysisRunner will not be running.
RoslynAnalysisRunner has terminated.
Mono: successfully reloaded assembly
- Completed reload, in  0,565 seconds
Platform modules already initialized, skipping
Refreshing native plugins compatible for Editor in 0,28 ms, found 0 plugins.
Preloading 0 native plugins for Editor in 0,00 ms.
Unloading 1226 Unused Serialized files (Serialized files now loaded: 0)
System memory in use before: 75,0 MB.
System memory in use after: 74,7 MB.

Unloading 6 unused Assets to reduce memory usage. Loaded Objects now: 1792.
Total: 2,078179 ms (FindLiveObjects: 0,123238 ms CreateObjectMapping: 0,026358 ms MarkObjects: 1,526258 ms  DeleteObjects: 0,401421 ms)

AssetImportWorkerClient::OnTransportError - code=2 error=End of file
